<?xml version="1.0" encoding="UTF-8"?>
<!-- Generated by org.testng.reporters.JUnitReportReporter -->
<testsuite hostname="idea-PC" name="com.automation.DemoProject.DemoTestClass" tests="2" failures="0" timestamp="31 Mar 2018 03:31:45 GMT" time="36.882" errors="0">
  <testcase name="testUrl" time="22.674" classname="com.automation.DemoProject.DemoTestClass"/>
  <testcase name="testHomePage" time="14.208" classname="com.automation.DemoProject.DemoTestClass"/>
</testsuite> <!-- com.automation.DemoProject.DemoTestClass -->
